<?xml version="1.0" encoding="UTF-8"?>
<testng-results ignored="0" total="5" passed="5" failed="0" skipped="0">
  <reporter-output>
  </reporter-output>
  <suite started-at="2025-04-25T09:37:13 IST" name="AutomationSuite" finished-at="2025-04-25T09:37:14 IST" duration-ms="1335">
    <groups>
      <group name="regression">
        <method signature="LoginTests.testLogin(java.lang.String,java.lang.String)[pri:0, instance:com.LoginTests@4f6ee6e4]" name="testLogin" class="com.LoginTests"/>
        <method signature="LoginTests.loginWithInvalidCredentials()[pri:1, instance:com.LoginTests@4f6ee6e4]" name="loginWithInvalidCredentials" class="com.LoginTests"/>
      </group> <!-- regression -->
      <group name="smoke">
        <method signature="LoginTests.loginWithValidCredentials()[pri:0, instance:com.LoginTests@4f6ee6e4]" name="loginWithValidCredentials" class="com.LoginTests"/>
      </group> <!-- smoke -->
    </groups>
    <test started-at="2025-04-25T09:37:13 IST" name="RegressionTests" finished-at="2025-04-25T09:37:14 IST" duration-ms="1335">
      <class name="com.LoginTests">
        <test-method is-config="true" signature="setupSuite()[pri:0, instance:com.LoginTests@4f6ee6e4]" started-at="2025-04-25T09:37:11 IST" name="setupSuite" finished-at="2025-04-25T09:37:13 IST" duration-ms="1258" status="PASS">
          <reporter-output>
          </reporter-output>
        </test-method> <!-- setupSuite -->
        <test-method is-config="true" signature="setupClass()[pri:0, instance:com.LoginTests@4f6ee6e4]" started-at="2025-04-25T09:37:13 IST" name="setupClass" finished-at="2025-04-25T09:37:13 IST" duration-ms="0" status="PASS">
          <reporter-output>
          </reporter-output>
        </test-method> <!-- setupClass -->
        <test-method is-config="true" signature="beforeMethod()[pri:0, instance:com.LoginTests@4f6ee6e4]" started-at="2025-04-25T09:37:14 IST" name="beforeMethod" finished-at="2025-04-25T09:37:14 IST" duration-ms="0" status="PASS">
          <reporter-output>
          </reporter-output>
        </test-method> <!-- beforeMethod -->
        <test-method signature="loginWithValidCredentials()[pri:0, instance:com.LoginTests@4f6ee6e4]" started-at="2025-04-25T09:37:14 IST" name="loginWithValidCredentials" finished-at="2025-04-25T09:37:14 IST" duration-ms="5" status="PASS">
          <reporter-output>
          </reporter-output>
        </test-method> <!-- loginWithValidCredentials -->
        <test-method is-config="true" signature="afterMethod()[pri:0, instance:com.LoginTests@4f6ee6e4]" started-at="2025-04-25T09:37:14 IST" name="afterMethod" finished-at="2025-04-25T09:37:14 IST" duration-ms="1" status="PASS">
          <reporter-output>
          </reporter-output>
        </test-method> <!-- afterMethod -->
        <test-method signature="testLogin(java.lang.String,java.lang.String)[pri:0, instance:com.LoginTests@4f6ee6e4]" started-at="2025-04-25T09:37:14 IST" name="testLogin" data-provider="loginData" finished-at="2025-04-25T09:37:14 IST" duration-ms="1" status="PASS">
          <params>
            <param index="0">
              <value>
                <![CDATA[user1]]>
              </value>
            </param>
            <param index="1">
              <value>
                <![CDATA[pass1]]>
              </value>
            </param>
          </params>
          <reporter-output>
          </reporter-output>
        </test-method> <!-- testLogin -->
        <test-method is-config="true" signature="beforeMethod()[pri:0, instance:com.LoginTests@4f6ee6e4]" started-at="2025-04-25T09:37:14 IST" name="beforeMethod" finished-at="2025-04-25T09:37:14 IST" duration-ms="0" status="PASS">
          <reporter-output>
          </reporter-output>
        </test-method> <!-- beforeMethod -->
        <test-method is-config="true" signature="afterMethod()[pri:0, instance:com.LoginTests@4f6ee6e4]" started-at="2025-04-25T09:37:14 IST" name="afterMethod" finished-at="2025-04-25T09:37:14 IST" duration-ms="0" status="PASS">
          <reporter-output>
          </reporter-output>
        </test-method> <!-- afterMethod -->
        <test-method signature="testLogin(java.lang.String,java.lang.String)[pri:0, instance:com.LoginTests@4f6ee6e4]" started-at="2025-04-25T09:37:14 IST" name="testLogin" data-provider="loginData" finished-at="2025-04-25T09:37:14 IST" duration-ms="1" status="PASS">
          <params>
            <param index="0">
              <value>
                <![CDATA[user2]]>
              </value>
            </param>
            <param index="1">
              <value>
                <![CDATA[pass2]]>
              </value>
            </param>
          </params>
          <reporter-output>
          </reporter-output>
        </test-method> <!-- testLogin -->
        <test-method is-config="true" signature="beforeMethod()[pri:0, instance:com.LoginTests@4f6ee6e4]" started-at="2025-04-25T09:37:14 IST" name="beforeMethod" finished-at="2025-04-25T09:37:14 IST" duration-ms="0" status="PASS">
          <reporter-output>
          </reporter-output>
        </test-method> <!-- beforeMethod -->
        <test-method is-config="true" signature="afterMethod()[pri:0, instance:com.LoginTests@4f6ee6e4]" started-at="2025-04-25T09:37:14 IST" name="afterMethod" finished-at="2025-04-25T09:37:14 IST" duration-ms="0" status="PASS">
          <reporter-output>
          </reporter-output>
        </test-method> <!-- afterMethod -->
        <test-method signature="testMethod()[pri:0, instance:com.LoginTests@4f6ee6e4]" started-at="2025-04-25T09:37:14 IST" name="testMethod" finished-at="2025-04-25T09:37:14 IST" duration-ms="7" status="PASS">
          <reporter-output>
          </reporter-output>
        </test-method> <!-- testMethod -->
        <test-method is-config="true" signature="beforeMethod()[pri:0, instance:com.LoginTests@4f6ee6e4]" started-at="2025-04-25T09:37:14 IST" name="beforeMethod" finished-at="2025-04-25T09:37:14 IST" duration-ms="0" status="PASS">
          <reporter-output>
          </reporter-output>
        </test-method> <!-- beforeMethod -->
        <test-method is-config="true" signature="afterMethod()[pri:0, instance:com.LoginTests@4f6ee6e4]" started-at="2025-04-25T09:37:14 IST" name="afterMethod" finished-at="2025-04-25T09:37:14 IST" duration-ms="0" status="PASS">
          <reporter-output>
          </reporter-output>
        </test-method> <!-- afterMethod -->
        <test-method signature="loginWithInvalidCredentials()[pri:1, instance:com.LoginTests@4f6ee6e4]" started-at="2025-04-25T09:37:14 IST" name="loginWithInvalidCredentials" finished-at="2025-04-25T09:37:14 IST" duration-ms="1" status="PASS">
          <reporter-output>
          </reporter-output>
        </test-method> <!-- loginWithInvalidCredentials -->
        <test-method is-config="true" signature="beforeMethod()[pri:0, instance:com.LoginTests@4f6ee6e4]" started-at="2025-04-25T09:37:14 IST" name="beforeMethod" finished-at="2025-04-25T09:37:14 IST" duration-ms="0" status="PASS">
          <reporter-output>
          </reporter-output>
        </test-method> <!-- beforeMethod -->
        <test-method is-config="true" signature="afterMethod()[pri:0, instance:com.LoginTests@4f6ee6e4]" started-at="2025-04-25T09:37:14 IST" name="afterMethod" finished-at="2025-04-25T09:37:14 IST" duration-ms="1" status="PASS">
          <reporter-output>
          </reporter-output>
        </test-method> <!-- afterMethod -->
        <test-method is-config="true" signature="teardownClass()[pri:0, instance:com.LoginTests@4f6ee6e4]" started-at="2025-04-25T09:37:14 IST" name="teardownClass" finished-at="2025-04-25T09:37:14 IST" duration-ms="1" status="PASS">
          <reporter-output>
          </reporter-output>
        </test-method> <!-- teardownClass -->
        <test-method is-config="true" signature="teardownSuite()[pri:0, instance:com.LoginTests@4f6ee6e4]" started-at="2025-04-25T09:37:22 IST" name="teardownSuite" finished-at="2025-04-25T09:37:22 IST" duration-ms="0" status="PASS">
          <reporter-output>
          </reporter-output>
        </test-method> <!-- teardownSuite -->
      </class> <!-- com.LoginTests -->
    </test> <!-- RegressionTests -->
  </suite> <!-- AutomationSuite -->
</testng-results>
