<?xml version="1.0" encoding="UTF-8"?>
<testng-results ignored="0" total="0" passed="0" failed="0" skipped="0">
  <reporter-output>
  </reporter-output>
  <suite started-at="2025-04-24T16:57:08 IST" name="AutomationSuite" finished-at="2025-04-24T16:57:09 IST" duration-ms="69">
    <groups>
    </groups>
    <test started-at="2025-04-24T16:57:08 IST" name="RegressionTests" finished-at="2025-04-24T16:57:09 IST" duration-ms="69">
    </test> <!-- RegressionTests -->
  </suite> <!-- AutomationSuite -->
</testng-results>
