<?xml version="1.0" encoding="UTF-8"?>
<!-- Generated by org.testng.reporters.JUnitXMLReporter -->
<testsuite ignored="0" hostname="Its-PC" failures="0" tests="5" name="RegressionTests" time="1.335" errors="0" timestamp="2025-04-25T09:37:20 IST">
  <testcase classname="com.LoginTests" name="loginWithValidCredentials" time="0.005"/>
  <testcase classname="com.LoginTests" name="testLogin" time="0.001"/>
  <testcase classname="com.LoginTests" name="testLogin" time="0.001"/>
  <testcase classname="com.LoginTests" name="testMethod" time="0.007"/>
  <testcase classname="com.LoginTests" name="loginWithInvalidCredentials" time="0.001"/>
</testsuite> <!-- RegressionTests -->
